Step: build-step-credential-initializer:

Step: build-step-git-source:

Step: build-step-jenkins:

Picked up _JAVA_OPTIONS: -Xmx400m
Started
Running in Durability level: PERFORMANCE_OPTIMIZED
  13.856 [id=42]	WARNING	i.f.k.c.i.VersionUsageUtils#alert: The client is using resource type 'customresourcedefinitions' with unstable version 'v1beta1'
  20.107 [id=51]	WARNING	o.j.plugins.workflow.cps.DSL#invokeStep: Error storing the arguments for step: checkout
org.kohsuke.stapler.NoStaplerConstructorException: There's no @DataBoundConstructor on any constructor of class io.jenkins.jenkinsfile.runner.FileSystemSCM
	at org.kohsuke.stapler.ClassDescriptor.loadConstructorParamNames(ClassDescriptor.java:265)
	at org.jenkinsci.plugins.structs.describable.DescribableModel.<init>(DescribableModel.java:144)
	at org.jenkinsci.plugins.structs.describable.DescribableModel.of(DescribableModel.java:114)
	at org.jenkinsci.plugins.workflow.cps.actions.ArgumentsActionImpl.sanitizeObjectAndRecordMutation(ArgumentsActionImpl.java:294)
	at org.jenkinsci.plugins.workflow.cps.actions.ArgumentsActionImpl.sanitizeMapAndRecordMutation(ArgumentsActionImpl.java:386)
	at org.jenkinsci.plugins.workflow.cps.actions.ArgumentsActionImpl.<init>(ArgumentsActionImpl.java:74)
	at org.jenkinsci.plugins.workflow.cps.DSL.invokeStep(DSL.java:245)
	at org.jenkinsci.plugins.workflow.cps.DSL.invokeMethod(DSL.java:178)
	at org.jenkinsci.plugins.workflow.cps.CpsScript.invokeMethod(CpsScript.java:122)
	at org.codehaus.groovy.runtime.callsite.PogoMetaClassSite.call(PogoMetaClassSite.java:48)
	at org.codehaus.groovy.runtime.callsite.CallSiteArray.defaultCall(CallSiteArray.java:48)
	at org.codehaus.groovy.runtime.callsite.AbstractCallSite.call(AbstractCallSite.java:113)
	at com.cloudbees.groovy.cps.sandbox.DefaultInvoker.methodCall(DefaultInvoker.java:20)
	at com.cloudbees.groovy.cps.impl.ContinuationGroup.methodCall(ContinuationGroup.java:57)
	at com.cloudbees.groovy.cps.impl.FunctionCallBlock$ContinuationImpl.dispatchOrArg(FunctionCallBlock.java:109)
	at com.cloudbees.groovy.cps.impl.FunctionCallBlock$ContinuationImpl.fixArg(FunctionCallBlock.java:82)
	at sun.reflect.GeneratedMethodAccessor124.invoke(Unknown Source)
	at sun.reflect.DelegatingMethodAccessorImpl.invoke(DelegatingMethodAccessorImpl.java:43)
	at java.lang.reflect.Method.invoke(Method.java:498)
	at com.cloudbees.groovy.cps.impl.ContinuationPtr$ContinuationImpl.receive(ContinuationPtr.java:72)
	at com.cloudbees.groovy.cps.impl.PropertyishBlock$ContinuationImpl.get(PropertyishBlock.java:76)
	at com.cloudbees.groovy.cps.LValueBlock$GetAdapter.receive(LValueBlock.java:30)
	at com.cloudbees.groovy.cps.impl.PropertyishBlock$ContinuationImpl.fixName(PropertyishBlock.java:66)
	at sun.reflect.GeneratedMethodAccessor129.invoke(Unknown Source)
	at sun.reflect.DelegatingMethodAccessorImpl.invoke(DelegatingMethodAccessorImpl.java:43)
	at java.lang.reflect.Method.invoke(Method.java:498)
	at com.cloudbees.groovy.cps.impl.ContinuationPtr$ContinuationImpl.receive(ContinuationPtr.java:72)
	at com.cloudbees.groovy.cps.impl.ConstantBlock.eval(ConstantBlock.java:21)
	at com.cloudbees.groovy.cps.Next.step(Next.java:83)
	at com.cloudbees.groovy.cps.Continuable$1.call(Continuable.java:174)
	at com.cloudbees.groovy.cps.Continuable$1.call(Continuable.java:163)
	at org.codehaus.groovy.runtime.GroovyCategorySupport$ThreadCategoryInfo.use(GroovyCategorySupport.java:129)
	at org.codehaus.groovy.runtime.GroovyCategorySupport.use(GroovyCategorySupport.java:268)
	at com.cloudbees.groovy.cps.Continuable.run0(Continuable.java:163)
	at org.jenkinsci.plugins.workflow.cps.SandboxContinuable.access$101(SandboxContinuable.java:34)
	at org.jenkinsci.plugins.workflow.cps.SandboxContinuable.lambda$run0$0(SandboxContinuable.java:59)
	at org.jenkinsci.plugins.scriptsecurity.sandbox.groovy.GroovySandbox.runInSandbox(GroovySandbox.java:108)
	at org.jenkinsci.plugins.workflow.cps.SandboxContinuable.run0(SandboxContinuable.java:58)
	at org.jenkinsci.plugins.workflow.cps.CpsThread.runNextChunk(CpsThread.java:182)
	at org.jenkinsci.plugins.workflow.cps.CpsThreadGroup.run(CpsThreadGroup.java:332)
	at org.jenkinsci.plugins.workflow.cps.CpsThreadGroup.access$200(CpsThreadGroup.java:83)
	at org.jenkinsci.plugins.workflow.cps.CpsThreadGroup$2.call(CpsThreadGroup.java:244)
	at org.jenkinsci.plugins.workflow.cps.CpsThreadGroup$2.call(CpsThreadGroup.java:232)
	at org.jenkinsci.plugins.workflow.cps.CpsVmExecutorService$2.call(CpsVmExecutorService.java:64)
	at java.util.concurrent.FutureTask.run(FutureTask.java:266)
	at hudson.remoting.SingleLaneExecutorService$1.run(SingleLaneExecutorService.java:131)
	at jenkins.util.ContextResettingExecutorService$1.run(ContextResettingExecutorService.java:28)
	at jenkins.security.ImpersonatingExecutorService$1.run(ImpersonatingExecutorService.java:59)
	at java.util.concurrent.Executors$RunnableAdapter.call(Executors.java:511)
	at java.util.concurrent.FutureTask.run(FutureTask.java:266)
	at java.util.concurrent.ThreadPoolExecutor.runWorker(ThreadPoolExecutor.java:1149)
	at java.util.concurrent.ThreadPoolExecutor$Worker.run(ThreadPoolExecutor.java:624)
	at java.lang.Thread.run(Thread.java:748)
[Pipeline] node
Running on Jenkins in /tmp/jenkinsTests.tmp/jenkins1161746806526590895test/workspace/job
[Pipeline] {
[Pipeline] stage
[Pipeline] { (Declarative: Checkout SCM)
[Pipeline] checkout
[Pipeline] }
[Pipeline] // stage
[Pipeline] withCredentials
[Pipeline] {
[Pipeline] withEnv
[Pipeline] {
[Pipeline] stage
[Pipeline] { (CI Build and push snapshot)
[Pipeline] withEnv
[Pipeline] {
[Pipeline] sh
+ git config --global credential.helper store
[Pipeline] sh
+ jx step validate --min-jx-version 1.1.73
[Pipeline] sh
+ jx step git credentials
Generated Git credentials file /home/jenkins/git/credentials
[Pipeline] sh
+ jx step pre extend
Adding jx.spotbugsMaven version 0.0.30 to pipeline
       └ jx.spotbugsAnalyzer version 0.0.30
       └ jx.spotbugsMavenRun version 0.0.30 with environment variables [ JX_SPOTBUGS_MAVEN_RUN_VERSION=3.1.6, EXT_VERSION=0.0.30, EXT_TEAM_NAMESPACE=jx, EXT_OWNER_REFERENCE=apiVersion: v1
controller: true
kind: Extension
name: jx.spotbugs-maven-run
uid: 55a10acc-ffb5-11e8-b2ef-42010a840199
 ]
       └ jx.spotbugsMavenPublish version 0.0.30 with environment variables [ EXT_VERSION=0.0.30, EXT_TEAM_NAMESPACE=jx, EXT_OWNER_REFERENCE=apiVersion: v1
controller: true
kind: Extension
name: jx.spotbugs-maven-publish
uid: 55dc67b2-ffb5-11e8-b2ef-42010a840199
 ]
Adding jx.jacocoMaven version 0.0.77 to pipeline
       └ jx.jacocoAnalyzer version 0.0.77
       └ jx.jacocoMavenRun version 0.0.77 with environment variables [ JX_JACOCO_MAVEN_RUN_VERSION=0.8.2, EXT_VERSION=0.0.77, EXT_TEAM_NAMESPACE=jx, EXT_OWNER_REFERENCE=apiVersion: v1
controller: true
kind: Extension
name: jx.jacoco-maven-run
uid: 53d5be22-ffb5-11e8-b2ef-42010a840199
 ]
       └ jx.jacocoMavenPublish version 0.0.81 with environment variables [ EXT_VERSION=0.0.81, EXT_TEAM_NAMESPACE=jx, EXT_OWNER_REFERENCE=apiVersion: v1
controller: true
kind: Extension
name: jx.jacoco-maven-publish
uid: 5412a367-ffb5-11e8-b2ef-42010a840199
 ]
[Pipeline] sh
+ mvn versions:set -DnewVersion=0.0.0-SNAPSHOT-PR-18-5
Picked up _JAVA_OPTIONS: -Xmx400m
[INFO] Scanning for projects...
[INFO] 
[INFO] ------------------< com.cloudbees.compliance:jx-demo >------------------
[INFO] Building demo 0.0.1-SNAPSHOT
[INFO] --------------------------------[ jar ]---------------------------------
[INFO] 
[INFO] --- versions-maven-plugin:2.7:set (default-cli) @ jx-demo ---
[INFO] Searching for local aggregator root...
[INFO] Local aggregation root: /tmp/jenkinsTests.tmp/jenkins1161746806526590895test/workspace/job
[INFO] Processing change of com.cloudbees.compliance:jx-demo:0.0.1-SNAPSHOT -> 0.0.0-SNAPSHOT-PR-18-5
[INFO] Processing com.cloudbees.compliance:jx-demo
[INFO]     Updating project com.cloudbees.compliance:jx-demo
[INFO]         from version 0.0.1-SNAPSHOT to 0.0.0-SNAPSHOT-PR-18-5
[INFO] 
[INFO] ------------------------------------------------------------------------
[INFO] BUILD SUCCESS
[INFO] ------------------------------------------------------------------------
[INFO] Total time: 6.883 s
[INFO] Finished at: 2018-12-17T21:02:33Z
[INFO] ------------------------------------------------------------------------
[Pipeline] sh
+ mvn install
Picked up _JAVA_OPTIONS: -Xmx400m
[INFO] Scanning for projects...
[INFO] 
[INFO] ------------------< com.cloudbees.compliance:jx-demo >------------------
[INFO] Building demo 0.0.0-SNAPSHOT-PR-18-5
[INFO] --------------------------------[ jar ]---------------------------------
[INFO] 
[INFO] --- maven-resources-plugin:3.1.0:resources (default-resources) @ jx-demo ---
[INFO] Using 'UTF-8' encoding to copy filtered resources.
[INFO] Copying 1 resource
[INFO] Copying 0 resource
[INFO] 
[INFO] --- maven-compiler-plugin:3.8.0:compile (default-compile) @ jx-demo ---
[INFO] Changes detected - recompiling the module!
[INFO] Compiling 1 source file to /tmp/jenkinsTests.tmp/jenkins1161746806526590895test/workspace/job/target/classes
[INFO] 
[INFO] --- maven-resources-plugin:3.1.0:testResources (default-testResources) @ jx-demo ---
[INFO] Using 'UTF-8' encoding to copy filtered resources.
[INFO] skip non existing resourceDirectory /tmp/jenkinsTests.tmp/jenkins1161746806526590895test/workspace/job/src/test/resources
[INFO] 
[INFO] --- maven-compiler-plugin:3.8.0:testCompile (default-testCompile) @ jx-demo ---
[INFO] Changes detected - recompiling the module!
[INFO] Compiling 1 source file to /tmp/jenkinsTests.tmp/jenkins1161746806526590895test/workspace/job/target/test-classes
[INFO] 
[INFO] --- maven-surefire-plugin:3.0.0-M1:test (default-test) @ jx-demo ---
[INFO] 
[INFO] -------------------------------------------------------
[INFO]  T E S T S
[INFO] -------------------------------------------------------
[INFO] Running com.cloudbees.compliance.demo.DemoApplicationTests
21:02:43.164 [main] DEBUG org.springframework.test.context.junit4.SpringJUnit4ClassRunner - SpringJUnit4ClassRunner constructor called with [class com.cloudbees.compliance.demo.DemoApplicationTests]
21:02:43.175 [main] DEBUG org.springframework.test.context.BootstrapUtils - Instantiating CacheAwareContextLoaderDelegate from class [org.springframework.test.context.cache.DefaultCacheAwareContextLoaderDelegate]
21:02:43.189 [main] DEBUG org.springframework.test.context.BootstrapUtils - Instantiating BootstrapContext using constructor [public org.springframework.test.context.support.DefaultBootstrapContext(java.lang.Class,org.springframework.test.context.CacheAwareContextLoaderDelegate)]
21:02:43.224 [main] DEBUG org.springframework.test.context.BootstrapUtils - Instantiating TestContextBootstrapper for test class [com.cloudbees.compliance.demo.DemoApplicationTests] from class [org.springframework.boot.test.context.SpringBootTestContextBootstrapper]
21:02:43.242 [main] INFO org.springframework.boot.test.context.SpringBootTestContextBootstrapper - Neither @ContextConfiguration nor @ContextHierarchy found for test class [com.cloudbees.compliance.demo.DemoApplicationTests], using SpringBootContextLoader
21:02:43.247 [main] DEBUG org.springframework.test.context.support.AbstractContextLoader - Did not detect default resource location for test class [com.cloudbees.compliance.demo.DemoApplicationTests]: class path resource [com/cloudbees/compliance/demo/DemoApplicationTests-context.xml] does not exist
21:02:43.248 [main] DEBUG org.springframework.test.context.support.AbstractContextLoader - Did not detect default resource location for test class [com.cloudbees.compliance.demo.DemoApplicationTests]: class path resource [com/cloudbees/compliance/demo/DemoApplicationTestsContext.groovy] does not exist
21:02:43.248 [main] INFO org.springframework.test.context.support.AbstractContextLoader - Could not detect default resource locations for test class [com.cloudbees.compliance.demo.DemoApplicationTests]: no resource found for suffixes {-context.xml, Context.groovy}.
21:02:43.250 [main] INFO org.springframework.test.context.support.AnnotationConfigContextLoaderUtils - Could not detect default configuration classes for test class [com.cloudbees.compliance.demo.DemoApplicationTests]: DemoApplicationTests does not declare any static, non-private, non-final, nested classes annotated with @Configuration.
21:02:43.304 [main] DEBUG org.springframework.test.context.support.ActiveProfilesUtils - Could not find an 'annotation declaring class' for annotation type [org.springframework.test.context.ActiveProfiles] and class [com.cloudbees.compliance.demo.DemoApplicationTests]
21:02:43.410 [main] DEBUG org.springframework.context.annotation.ClassPathScanningCandidateComponentProvider - Identified candidate component class: file [/tmp/jenkinsTests.tmp/jenkins1161746806526590895test/workspace/job/target/classes/com/cloudbees/compliance/demo/DemoApplication.class]
21:02:43.413 [main] INFO org.springframework.boot.test.context.SpringBootTestContextBootstrapper - Found @SpringBootConfiguration com.cloudbees.compliance.demo.DemoApplication for test class com.cloudbees.compliance.demo.DemoApplicationTests
21:02:43.568 [main] DEBUG org.springframework.boot.test.context.SpringBootTestContextBootstrapper - @TestExecutionListeners is not present for class [com.cloudbees.compliance.demo.DemoApplicationTests]: using defaults.
21:02:43.568 [main] INFO org.springframework.boot.test.context.SpringBootTestContextBootstrapper - Loaded default TestExecutionListener class names from location [META-INF/spring.factories]: [org.springframework.boot.test.mock.mockito.MockitoTestExecutionListener, org.springframework.boot.test.mock.mockito.ResetMocksTestExecutionListener, org.springframework.boot.test.autoconfigure.restdocs.RestDocsTestExecutionListener, org.springframework.boot.test.autoconfigure.web.client.MockRestServiceServerResetTestExecutionListener, org.springframework.boot.test.autoconfigure.web.servlet.MockMvcPrintOnlyOnFailureTestExecutionListener, org.springframework.boot.test.autoconfigure.web.servlet.WebDriverTestExecutionListener, org.springframework.test.context.web.ServletTestExecutionListener, org.springframework.test.context.support.DirtiesContextBeforeModesTestExecutionListener, org.springframework.test.context.support.DependencyInjectionTestExecutionListener, org.springframework.test.context.support.DirtiesContextTestExecutionListener, org.springframework.test.context.transaction.TransactionalTestExecutionListener, org.springframework.test.context.jdbc.SqlScriptsTestExecutionListener]
21:02:43.587 [main] DEBUG org.springframework.boot.test.context.SpringBootTestContextBootstrapper - Skipping candidate TestExecutionListener [org.springframework.test.context.transaction.TransactionalTestExecutionListener] due to a missing dependency. Specify custom listener classes or make the default listener classes and their required dependencies available. Offending class: [org/springframework/transaction/TransactionDefinition]
21:02:43.588 [main] DEBUG org.springframework.boot.test.context.SpringBootTestContextBootstrapper - Skipping candidate TestExecutionListener [org.springframework.test.context.jdbc.SqlScriptsTestExecutionListener] due to a missing dependency. Specify custom listener classes or make the default listener classes and their required dependencies available. Offending class: [org/springframework/transaction/interceptor/TransactionAttribute]
21:02:43.589 [main] INFO org.springframework.boot.test.context.SpringBootTestContextBootstrapper - Using TestExecutionListeners: [org.springframework.test.context.web.ServletTestExecutionListener@67c27493, org.springframework.test.context.support.DirtiesContextBeforeModesTestExecutionListener@1a482e36, org.springframework.boot.test.mock.mockito.MockitoTestExecutionListener@72967906, org.springframework.boot.test.autoconfigure.SpringBootDependencyInjectionTestExecutionListener@5b8dfcc1, org.springframework.test.context.support.DirtiesContextTestExecutionListener@2f9f7dcf, org.springframework.boot.test.mock.mockito.ResetMocksTestExecutionListener@747ddf94, org.springframework.boot.test.autoconfigure.restdocs.RestDocsTestExecutionListener@35e2d654, org.springframework.boot.test.autoconfigure.web.client.MockRestServiceServerResetTestExecutionListener@1bd4fdd, org.springframework.boot.test.autoconfigure.web.servlet.MockMvcPrintOnlyOnFailureTestExecutionListener@55183b20, org.springframework.boot.test.autoconfigure.web.servlet.WebDriverTestExecutionListener@4f83df68]
21:02:43.594 [main] DEBUG org.springframework.test.annotation.ProfileValueUtils - Retrieved @ProfileValueSourceConfiguration [null] for test class [com.cloudbees.compliance.demo.DemoApplicationTests]
21:02:43.594 [main] DEBUG org.springframework.test.annotation.ProfileValueUtils - Retrieved ProfileValueSource type [class org.springframework.test.annotation.SystemProfileValueSource] for class [com.cloudbees.compliance.demo.DemoApplicationTests]
21:02:43.596 [main] DEBUG org.springframework.test.annotation.ProfileValueUtils - Retrieved @ProfileValueSourceConfiguration [null] for test class [com.cloudbees.compliance.demo.DemoApplicationTests]
21:02:43.597 [main] DEBUG org.springframework.test.annotation.ProfileValueUtils - Retrieved ProfileValueSource type [class org.springframework.test.annotation.SystemProfileValueSource] for class [com.cloudbees.compliance.demo.DemoApplicationTests]
21:02:43.598 [main] DEBUG org.springframework.test.annotation.ProfileValueUtils - Retrieved @ProfileValueSourceConfiguration [null] for test class [com.cloudbees.compliance.demo.DemoApplicationTests]
21:02:43.598 [main] DEBUG org.springframework.test.annotation.ProfileValueUtils - Retrieved ProfileValueSource type [class org.springframework.test.annotation.SystemProfileValueSource] for class [com.cloudbees.compliance.demo.DemoApplicationTests]
21:02:43.604 [main] DEBUG org.springframework.test.context.support.AbstractDirtiesContextTestExecutionListener - Before test class: context [DefaultTestContext@7c7b252e testClass = DemoApplicationTests, testInstance = [null], testMethod = [null], testException = [null], mergedContextConfiguration = [WebMergedContextConfiguration@4d5d943d testClass = DemoApplicationTests, locations = '{}', classes = '{class com.cloudbees.compliance.demo.DemoApplication}', contextInitializerClasses = '[]', activeProfiles = '{}', propertySourceLocations = '{}', propertySourceProperties = '{org.springframework.boot.test.context.SpringBootTestContextBootstrapper=true}', contextCustomizers = set[org.springframework.boot.test.context.filter.ExcludeFilterContextCustomizer@cb0ed20, org.springframework.boot.test.json.DuplicateJsonObjectContextCustomizerFactory$DuplicateJsonObjectContextCustomizer@28ac3dc3, org.springframework.boot.test.mock.mockito.MockitoContextCustomizer@0, org.springframework.boot.test.web.client.TestRestTemplateContextCustomizer@544a2ea6, org.springframework.boot.test.autoconfigure.properties.PropertyMappingContextCustomizer@0, org.springframework.boot.test.autoconfigure.web.servlet.WebDriverContextCustomizerFactory$Customizer@77846d2c], resourceBasePath = 'src/main/webapp', contextLoader = 'org.springframework.boot.test.context.SpringBootContextLoader', parent = [null]], attributes = map['org.springframework.test.context.web.ServletTestExecutionListener.activateListener' -> true]], class annotated with @DirtiesContext [false] with mode [null].
21:02:43.605 [main] DEBUG org.springframework.test.annotation.ProfileValueUtils - Retrieved @ProfileValueSourceConfiguration [null] for test class [com.cloudbees.compliance.demo.DemoApplicationTests]
21:02:43.606 [main] DEBUG org.springframework.test.annotation.ProfileValueUtils - Retrieved ProfileValueSource type [class org.springframework.test.annotation.SystemProfileValueSource] for class [com.cloudbees.compliance.demo.DemoApplicationTests]
21:02:43.636 [main] DEBUG org.springframework.test.context.support.TestPropertySourceUtils - Adding inlined properties to environment: {spring.jmx.enabled=false, org.springframework.boot.test.context.SpringBootTestContextBootstrapper=true, server.port=-1}

  .   ____          _            __ _ _
 /\\ / ___'_ __ _ _(_)_ __  __ _ \ \ \ \
( ( )\___ | '_ | '_| | '_ \/ _` | \ \ \ \
 \\/  ___)| |_)| | | | | || (_| |  ) ) ) )
  '  |____| .__|_| |_|_| |_\__, | / / / /
 =========|_|==============|___/=/_/_/_/
 :: Spring Boot ::        (v2.1.0.RELEASE)

2018-12-17 21:02:44.294  INFO 320 --- [           main] c.c.c.demo.DemoApplicationTests          : Starting DemoApplicationTests on fbbb0241-023e-11e9-9393-0a580a20015a-68j9z with PID 320 (started by root in /tmp/jenkinsTests.tmp/jenkins1161746806526590895test/workspace/job)
2018-12-17 21:02:44.297  INFO 320 --- [           main] c.c.c.demo.DemoApplicationTests          : No active profile set, falling back to default profiles: default
2018-12-17 21:02:48.135  INFO 320 --- [           main] o.s.s.concurrent.ThreadPoolTaskExecutor  : Initializing ExecutorService 'applicationTaskExecutor'
2018-12-17 21:02:49.807  INFO 320 --- [           main] o.s.b.a.e.web.EndpointLinksResolver      : Exposing 2 endpoint(s) beneath base path '/actuator'
2018-12-17 21:02:49.905  INFO 320 --- [           main] c.c.c.demo.DemoApplicationTests          : Started DemoApplicationTests in 6.258 seconds (JVM running for 7.407)
[INFO] Tests run: 1, Failures: 0, Errors: 0, Skipped: 0, Time elapsed: 7.334 s - in com.cloudbees.compliance.demo.DemoApplicationTests
2018-12-17 21:02:50.218  INFO 320 --- [       Thread-4] o.s.s.concurrent.ThreadPoolTaskExecutor  : Shutting down ExecutorService 'applicationTaskExecutor'
[INFO] 
[INFO] Results:
[INFO] 
[INFO] Tests run: 1, Failures: 0, Errors: 0, Skipped: 0
[INFO] 
[INFO] 
[INFO] --- maven-jar-plugin:3.1.0:jar (default-jar) @ jx-demo ---
[INFO] Building jar: /tmp/jenkinsTests.tmp/jenkins1161746806526590895test/workspace/job/target/jx-demo-0.0.0-SNAPSHOT-PR-18-5.jar
[INFO] 
[INFO] --- spring-boot-maven-plugin:2.1.0.RELEASE:repackage (repackage) @ jx-demo ---
[INFO] Replacing main artifact /tmp/jenkinsTests.tmp/jenkins1161746806526590895test/workspace/job/target/jx-demo-0.0.0-SNAPSHOT-PR-18-5.jar
[INFO] 
[INFO] --- maven-install-plugin:2.5.2:install (default-install) @ jx-demo ---
[INFO] Installing /tmp/jenkinsTests.tmp/jenkins1161746806526590895test/workspace/job/target/jx-demo-0.0.0-SNAPSHOT-PR-18-5.jar to /root/.mvnrepository/com/cloudbees/compliance/jx-demo/0.0.0-SNAPSHOT-PR-18-5/jx-demo-0.0.0-SNAPSHOT-PR-18-5.jar
[INFO] Installing /tmp/jenkinsTests.tmp/jenkins1161746806526590895test/workspace/job/pom.xml to /root/.mvnrepository/com/cloudbees/compliance/jx-demo/0.0.0-SNAPSHOT-PR-18-5/jx-demo-0.0.0-SNAPSHOT-PR-18-5.pom
[INFO] ------------------------------------------------------------------------
[INFO] BUILD SUCCESS
[INFO] ------------------------------------------------------------------------
[INFO] Total time: 17.230 s
[INFO] Finished at: 2018-12-17T21:02:52Z
[INFO] ------------------------------------------------------------------------
[Pipeline] sh
+ export VERSION=0.0.0-SNAPSHOT-PR-18-5
+ skaffold build -f skaffold.yaml
time="2018-12-17T21:02:52Z" level=warning msg="config version (skaffold/v1alpha2) out of date: upgrading to latest (skaffold/v1beta1)"
Starting build...
Building [changeme]...
Sending build context to Docker daemon  528.9kBSending build context to Docker daemon  11.11MBSending build context to Docker daemon  18.13MB
Step 1/8 : FROM openjdk:8-jdk-slim
 ---> 44f08b787217
Step 2/8 : ENV PORT 8080
 ---> Using cache
 ---> 91d50657708e
Step 3/8 : ENV CLASSPATH /opt/lib
 ---> Using cache
 ---> 4e5151f94043
Step 4/8 : EXPOSE 8080
 ---> Using cache
 ---> 9a1f2872b5b3
Step 5/8 : COPY pom.xml target/lib* /opt/lib/
 ---> dfee20f91ba5
Step 6/8 : COPY target/*.jar /opt/app.jar
 ---> fa53d8a830fb
Step 7/8 : WORKDIR /opt
 ---> 25e868106e9b
Step 8/8 : CMD java -jar app.jar
 ---> Running in 82f1d378f3b6
 ---> 545e7834ac73
Successfully built 545e7834ac73
The push refers to a repository [10.35.246.84:5000/cb-kubecd/jx-demo]
fd41c434eaf4: Preparing
f8936ecc3f9e: Preparing
697ae08e1302: Preparing
d54bde5ef5eb: Preparing
6186fdc55773: Preparing
25fee1b94a24: Preparing
c336d6c4055c: Preparing
237472299760: Preparing
25fee1b94a24: Waiting
c336d6c4055c: Waiting
237472299760: Waiting
6186fdc55773: Layer already exists
d54bde5ef5eb: Layer already exists
697ae08e1302: Layer already exists
c336d6c4055c: Layer already exists
25fee1b94a24: Layer already exists
237472299760: Layer already exists
f8936ecc3f9e: Pushed
fd41c434eaf4: Pushed
0.0.0-SNAPSHOT-PR-18-5: digest: sha256:5c4002c08d09ef80735acceadcdc85f74f951a067a6f6305cb6dd53e5d58d921 size: 1994
Build complete in 2.644765565s
Starting test...
Test complete in 10.344µs
changeme -> 10.35.246.84:5000/cb-kubecd/jx-demo:0.0.0-SNAPSHOT-PR-18-5
[Pipeline] sh
+ jx step validate --min-jx-version 1.2.36
[Pipeline] sh
+ jx step post build --image 10.35.246.84:5000/cb-kubecd/jx-demo:0.0.0-SNAPSHOT-PR-18-5
[Pipeline] dir
Running in /tmp/jenkinsTests.tmp/jenkins1161746806526590895test/workspace/job/charts/preview
[Pipeline] {
[Pipeline] sh
+ make preview
helm init --client-only
Creating /builder/home/.helm 
Creating /builder/home/.helm/repository 
Creating /builder/home/.helm/repository/cache 
Creating /builder/home/.helm/repository/local 
Creating /builder/home/.helm/plugins 
Creating /builder/home/.helm/starters 
Creating /builder/home/.helm/cache/archive 
Creating /builder/home/.helm/repository/repositories.yaml 
Adding stable repo with URL: https://kubernetes-charts.storage.googleapis.com 
Adding local repo with URL: http://127.0.0.1:8879/charts 
$HELM_HOME has been configured at /builder/home/.helm.
Not installing Tiller due to 'client-only' flag having been set
Happy Helming!
helm repo add chartmuseum http://jenkins-x-chartmuseum:8080
"chartmuseum" has been added to your repositories
helm repo add chartmuseum https://chartmuseum.build.cd.jenkins-x.io
"chartmuseum" has been added to your repositories
sed -i -e "s/version:.*/version: 0.0.0-SNAPSHOT-PR-18-5/" Chart.yaml
sed -i -e "s/version:.*/version: 0.0.0-SNAPSHOT-PR-18-5/" ../*/Chart.yaml
sed -i -e "s|repository: *|repository: 10.35.246.84:5000/cb-kubecd/jx-demo|" values.yaml
sed -i -e "s/tag: .*/tag: 0.0.0-SNAPSHOT-PR-18-5/" values.yaml
echo "  version: 0.0.0-SNAPSHOT-PR-18-5" >> requirements.yaml
helm dependency build
Hang tight while we grab the latest from your chart repositories...
...Unable to get an update from the "local" chart repository (http://127.0.0.1:8879/charts):
	Get http://127.0.0.1:8879/charts/index.yaml: dial tcp 127.0.0.1:8879: connect: connection refused
...Successfully got an update from the "stable" chart repository
...Successfully got an update from the "chartmuseum" chart repository
Update Complete. ⎈Happy Helming!⎈
Saving 3 charts
Downloading exposecontroller from repo https://chartmuseum.build.cd.jenkins-x.io
Downloading exposecontroller from repo https://chartmuseum.build.cd.jenkins-x.io
Deleting outdated charts
helm lint
==> Linting .
[WARNING] templates/: directory not found

1 chart(s) linted, no failures
[Pipeline] sh
+ jx preview --app jx-demo --dir ../..
Creating a preview
Commit author email is empty for: 5b4982893ebdc1a17d4af94c60a79eff1081edd8
Looking for commits in: /tmp/jenkinsTests.tmp/jenkins1161746806526590895test/workspace/job/
Commit not found: 5b4982893ebdc1a17d4af94c60a79eff1081edd8
Commit author email is empty for: 11d767954370d8ec826bba1ae276c251c0b7d3cd
Looking for commits in: /tmp/jenkinsTests.tmp/jenkins1161746806526590895test/workspace/job/
PullRequest author email is empty
Found commit author match for: kzantow with email address: kzantow@gmail.com
CreateOrUpdateUser: kzantow <kzantow@gmail.com>
Existing user found: kzantow@gmail.com
expose:
  config:
    domain: cd-process.dev.core.beescloud.com
    exposer: Ingress
    http: "true"
  Annotations:
    helm.sh/hook: post-install,post-upgrade
    helm.sh/hook-delete-policy: hook-succeeded
preview:
  image:
    repository: 10.35.246.84:5000/cb-kubecd/jx-demo
    tag: 0.0.0-SNAPSHOT-PR-18-5
error: failed to run 'helm upgrade --namespace jx-cb-kubecd-jx-demo-pr-18 --install --wait --force --values /tmp/jenkinsTests.tmp/jenkins1161746806526590895test/workspace/job/charts/preview/extraValues.yaml jx-cb-kubecd-jx-demo-pr-18 .' command in directory '', output: 'Error: UPGRADE FAILED: incompatible versions client[v2.11.0] server[v2.10.0]': exit status 1
[Pipeline] }
[Pipeline] // dir
[Pipeline] }
[Pipeline] // withEnv
[Pipeline] }
[Pipeline] // stage
[Pipeline] stage
[Pipeline] { (Build Release)
Stage "Build Release" skipped due to earlier failure(s)
[Pipeline] }
[Pipeline] // stage
[Pipeline] stage
[Pipeline] { (Promote to Environments)
Stage "Promote to Environments" skipped due to earlier failure(s)
[Pipeline] }
[Pipeline] // stage
[Pipeline] stage
[Pipeline] { (Declarative: Post Actions)
[Pipeline] sh
+ jx step post run
Running Extension jx.jacocoMavenRun
Picked up _JAVA_OPTIONS: -Xmx400m
[INFO] Scanning for projects...
[INFO] 
[INFO] ------------------< com.cloudbees.compliance:jx-demo >------------------
[INFO] Building demo 0.0.0-SNAPSHOT-PR-18-5
[INFO] --------------------------------[ jar ]---------------------------------
[INFO] 
[INFO] --- jacoco-maven-plugin:0.8.2:prepare-agent (default-cli) @ jx-demo ---
[INFO] argLine set to -javaagent:/root/.mvnrepository/org/jacoco/org.jacoco.agent/0.8.2/org.jacoco.agent-0.8.2-runtime.jar=destfile=/tmp/jenkinsTests.tmp/jenkins1161746806526590895test/workspace/job/target/jacoco.exec
[INFO] 
[INFO] --- maven-resources-plugin:3.1.0:resources (default-resources) @ jx-demo ---
[INFO] Using 'UTF-8' encoding to copy filtered resources.
[INFO] Copying 1 resource
[INFO] Copying 0 resource
[INFO] 
[INFO] --- maven-compiler-plugin:3.8.0:compile (default-compile) @ jx-demo ---
[INFO] Nothing to compile - all classes are up to date
[INFO] 
[INFO] --- maven-resources-plugin:3.1.0:testResources (default-testResources) @ jx-demo ---
[INFO] Using 'UTF-8' encoding to copy filtered resources.
[INFO] skip non existing resourceDirectory /tmp/jenkinsTests.tmp/jenkins1161746806526590895test/workspace/job/src/test/resources
[INFO] 
[INFO] --- maven-compiler-plugin:3.8.0:testCompile (default-testCompile) @ jx-demo ---
[INFO] Nothing to compile - all classes are up to date
[INFO] 
[INFO] --- maven-surefire-plugin:3.0.0-M1:test (default-test) @ jx-demo ---
[INFO] 
[INFO] -------------------------------------------------------
[INFO]  T E S T S
[INFO] -------------------------------------------------------
[INFO] Running com.cloudbees.compliance.demo.DemoApplicationTests
21:03:29.249 [main] DEBUG org.springframework.test.context.junit4.SpringJUnit4ClassRunner - SpringJUnit4ClassRunner constructor called with [class com.cloudbees.compliance.demo.DemoApplicationTests]
21:03:29.293 [main] DEBUG org.springframework.test.context.BootstrapUtils - Instantiating CacheAwareContextLoaderDelegate from class [org.springframework.test.context.cache.DefaultCacheAwareContextLoaderDelegate]
21:03:29.323 [main] DEBUG org.springframework.test.context.BootstrapUtils - Instantiating BootstrapContext using constructor [public org.springframework.test.context.support.DefaultBootstrapContext(java.lang.Class,org.springframework.test.context.CacheAwareContextLoaderDelegate)]
21:03:29.499 [main] DEBUG org.springframework.test.context.BootstrapUtils - Instantiating TestContextBootstrapper for test class [com.cloudbees.compliance.demo.DemoApplicationTests] from class [org.springframework.boot.test.context.SpringBootTestContextBootstrapper]
21:03:29.538 [main] INFO org.springframework.boot.test.context.SpringBootTestContextBootstrapper - Neither @ContextConfiguration nor @ContextHierarchy found for test class [com.cloudbees.compliance.demo.DemoApplicationTests], using SpringBootContextLoader
21:03:29.593 [main] DEBUG org.springframework.test.context.support.AbstractContextLoader - Did not detect default resource location for test class [com.cloudbees.compliance.demo.DemoApplicationTests]: class path resource [com/cloudbees/compliance/demo/DemoApplicationTests-context.xml] does not exist
21:03:29.597 [main] DEBUG org.springframework.test.context.support.AbstractContextLoader - Did not detect default resource location for test class [com.cloudbees.compliance.demo.DemoApplicationTests]: class path resource [com/cloudbees/compliance/demo/DemoApplicationTestsContext.groovy] does not exist
21:03:29.597 [main] INFO org.springframework.test.context.support.AbstractContextLoader - Could not detect default resource locations for test class [com.cloudbees.compliance.demo.DemoApplicationTests]: no resource found for suffixes {-context.xml, Context.groovy}.
21:03:29.600 [main] INFO org.springframework.test.context.support.AnnotationConfigContextLoaderUtils - Could not detect default configuration classes for test class [com.cloudbees.compliance.demo.DemoApplicationTests]: DemoApplicationTests does not declare any static, non-private, non-final, nested classes annotated with @Configuration.
21:03:29.763 [main] DEBUG org.springframework.test.context.support.ActiveProfilesUtils - Could not find an 'annotation declaring class' for annotation type [org.springframework.test.context.ActiveProfiles] and class [com.cloudbees.compliance.demo.DemoApplicationTests]
21:03:29.995 [main] DEBUG org.springframework.context.annotation.ClassPathScanningCandidateComponentProvider - Identified candidate component class: file [/tmp/jenkinsTests.tmp/jenkins1161746806526590895test/workspace/job/target/classes/com/cloudbees/compliance/demo/DemoApplication.class]
21:03:29.998 [main] INFO org.springframework.boot.test.context.SpringBootTestContextBootstrapper - Found @SpringBootConfiguration com.cloudbees.compliance.demo.DemoApplication for test class com.cloudbees.compliance.demo.DemoApplicationTests
21:03:30.296 [main] DEBUG org.springframework.boot.test.context.SpringBootTestContextBootstrapper - @TestExecutionListeners is not present for class [com.cloudbees.compliance.demo.DemoApplicationTests]: using defaults.
21:03:30.297 [main] INFO org.springframework.boot.test.context.SpringBootTestContextBootstrapper - Loaded default TestExecutionListener class names from location [META-INF/spring.factories]: [org.springframework.boot.test.mock.mockito.MockitoTestExecutionListener, org.springframework.boot.test.mock.mockito.ResetMocksTestExecutionListener, org.springframework.boot.test.autoconfigure.restdocs.RestDocsTestExecutionListener, org.springframework.boot.test.autoconfigure.web.client.MockRestServiceServerResetTestExecutionListener, org.springframework.boot.test.autoconfigure.web.servlet.MockMvcPrintOnlyOnFailureTestExecutionListener, org.springframework.boot.test.autoconfigure.web.servlet.WebDriverTestExecutionListener, org.springframework.test.context.web.ServletTestExecutionListener, org.springframework.test.context.support.DirtiesContextBeforeModesTestExecutionListener, org.springframework.test.context.support.DependencyInjectionTestExecutionListener, org.springframework.test.context.support.DirtiesContextTestExecutionListener, org.springframework.test.context.transaction.TransactionalTestExecutionListener, org.springframework.test.context.jdbc.SqlScriptsTestExecutionListener]
21:03:30.339 [main] DEBUG org.springframework.boot.test.context.SpringBootTestContextBootstrapper - Skipping candidate TestExecutionListener [org.springframework.test.context.transaction.TransactionalTestExecutionListener] due to a missing dependency. Specify custom listener classes or make the default listener classes and their required dependencies available. Offending class: [org/springframework/transaction/interceptor/TransactionAttributeSource]
21:03:30.340 [main] DEBUG org.springframework.boot.test.context.SpringBootTestContextBootstrapper - Skipping candidate TestExecutionListener [org.springframework.test.context.jdbc.SqlScriptsTestExecutionListener] due to a missing dependency. Specify custom listener classes or make the default listener classes and their required dependencies available. Offending class: [org/springframework/transaction/interceptor/TransactionAttribute]
21:03:30.340 [main] INFO org.springframework.boot.test.context.SpringBootTestContextBootstrapper - Using TestExecutionListeners: [org.springframework.test.context.web.ServletTestExecutionListener@2ec85a25, org.springframework.test.context.support.DirtiesContextBeforeModesTestExecutionListener@4c176ff1, org.springframework.boot.test.mock.mockito.MockitoTestExecutionListener@27c53c32, org.springframework.boot.test.autoconfigure.SpringBootDependencyInjectionTestExecutionListener@68aec50, org.springframework.test.context.support.DirtiesContextTestExecutionListener@6aff97d6, org.springframework.boot.test.mock.mockito.ResetMocksTestExecutionListener@1d60059f, org.springframework.boot.test.autoconfigure.restdocs.RestDocsTestExecutionListener@134a8ead, org.springframework.boot.test.autoconfigure.web.client.MockRestServiceServerResetTestExecutionListener@427308f8, org.springframework.boot.test.autoconfigure.web.servlet.MockMvcPrintOnlyOnFailureTestExecutionListener@54247647, org.springframework.boot.test.autoconfigure.web.servlet.WebDriverTestExecutionListener@4975dda1]
21:03:30.386 [main] DEBUG org.springframework.test.annotation.ProfileValueUtils - Retrieved @ProfileValueSourceConfiguration [null] for test class [com.cloudbees.compliance.demo.DemoApplicationTests]
21:03:30.388 [main] DEBUG org.springframework.test.annotation.ProfileValueUtils - Retrieved ProfileValueSource type [class org.springframework.test.annotation.SystemProfileValueSource] for class [com.cloudbees.compliance.demo.DemoApplicationTests]
21:03:30.391 [main] DEBUG org.springframework.test.annotation.ProfileValueUtils - Retrieved @ProfileValueSourceConfiguration [null] for test class [com.cloudbees.compliance.demo.DemoApplicationTests]
21:03:30.392 [main] DEBUG org.springframework.test.annotation.ProfileValueUtils - Retrieved ProfileValueSource type [class org.springframework.test.annotation.SystemProfileValueSource] for class [com.cloudbees.compliance.demo.DemoApplicationTests]
21:03:30.393 [main] DEBUG org.springframework.test.annotation.ProfileValueUtils - Retrieved @ProfileValueSourceConfiguration [null] for test class [com.cloudbees.compliance.demo.DemoApplicationTests]
21:03:30.393 [main] DEBUG org.springframework.test.annotation.ProfileValueUtils - Retrieved ProfileValueSource type [class org.springframework.test.annotation.SystemProfileValueSource] for class [com.cloudbees.compliance.demo.DemoApplicationTests]
21:03:30.403 [main] DEBUG org.springframework.test.context.support.AbstractDirtiesContextTestExecutionListener - Before test class: context [DefaultTestContext@7bf018dd testClass = DemoApplicationTests, testInstance = [null], testMethod = [null], testException = [null], mergedContextConfiguration = [WebMergedContextConfiguration@15a8cebd testClass = DemoApplicationTests, locations = '{}', classes = '{class com.cloudbees.compliance.demo.DemoApplication}', contextInitializerClasses = '[]', activeProfiles = '{}', propertySourceLocations = '{}', propertySourceProperties = '{org.springframework.boot.test.context.SpringBootTestContextBootstrapper=true}', contextCustomizers = set[org.springframework.boot.test.context.filter.ExcludeFilterContextCustomizer@7ed9499e, org.springframework.boot.test.json.DuplicateJsonObjectContextCustomizerFactory$DuplicateJsonObjectContextCustomizer@7c891ba7, org.springframework.boot.test.mock.mockito.MockitoContextCustomizer@0, org.springframework.boot.test.web.client.TestRestTemplateContextCustomizer@51b35e4e, org.springframework.boot.test.autoconfigure.properties.PropertyMappingContextCustomizer@0, org.springframework.boot.test.autoconfigure.web.servlet.WebDriverContextCustomizerFactory$Customizer@59e43e8c], resourceBasePath = 'src/main/webapp', contextLoader = 'org.springframework.boot.test.context.SpringBootContextLoader', parent = [null]], attributes = map['org.springframework.test.context.web.ServletTestExecutionListener.activateListener' -> true]], class annotated with @DirtiesContext [false] with mode [null].
21:03:30.404 [main] DEBUG org.springframework.test.annotation.ProfileValueUtils - Retrieved @ProfileValueSourceConfiguration [null] for test class [com.cloudbees.compliance.demo.DemoApplicationTests]
21:03:30.404 [main] DEBUG org.springframework.test.annotation.ProfileValueUtils - Retrieved ProfileValueSource type [class org.springframework.test.annotation.SystemProfileValueSource] for class [com.cloudbees.compliance.demo.DemoApplicationTests]
21:03:30.500 [main] DEBUG org.springframework.test.context.support.TestPropertySourceUtils - Adding inlined properties to environment: {spring.jmx.enabled=false, org.springframework.boot.test.context.SpringBootTestContextBootstrapper=true, server.port=-1}

  .   ____          _            __ _ _
 /\\ / ___'_ __ _ _(_)_ __  __ _ \ \ \ \
( ( )\___ | '_ | '_| | '_ \/ _` | \ \ \ \
 \\/  ___)| |_)| | | | | || (_| |  ) ) ) )
  '  |____| .__|_| |_|_| |_\__, | / / / /
 =========|_|==============|___/=/_/_/_/
 :: Spring Boot ::        (v2.1.0.RELEASE)

2018-12-17 21:03:31.390  INFO 715 --- [           main] c.c.c.demo.DemoApplicationTests          : Starting DemoApplicationTests on fbbb0241-023e-11e9-9393-0a580a20015a-68j9z with PID 715 (started by root in /tmp/jenkinsTests.tmp/jenkins1161746806526590895test/workspace/job)
2018-12-17 21:03:31.395  INFO 715 --- [           main] c.c.c.demo.DemoApplicationTests          : No active profile set, falling back to default profiles: default
2018-12-17 21:03:36.029  INFO 715 --- [           main] o.s.s.concurrent.ThreadPoolTaskExecutor  : Initializing ExecutorService 'applicationTaskExecutor'
2018-12-17 21:03:37.707  INFO 715 --- [           main] o.s.b.a.e.web.EndpointLinksResolver      : Exposing 2 endpoint(s) beneath base path '/actuator'
2018-12-17 21:03:37.827  INFO 715 --- [           main] c.c.c.demo.DemoApplicationTests          : Started DemoApplicationTests in 7.309 seconds (JVM running for 10.04)
[INFO] Tests run: 1, Failures: 0, Errors: 0, Skipped: 0, Time elapsed: 9.66 s - in com.cloudbees.compliance.demo.DemoApplicationTests
2018-12-17 21:03:38.349  INFO 715 --- [       Thread-3] o.s.s.concurrent.ThreadPoolTaskExecutor  : Shutting down ExecutorService 'applicationTaskExecutor'
[INFO] 
[INFO] Results:
[INFO] 
[INFO] Tests run: 1, Failures: 0, Errors: 0, Skipped: 0
[INFO] 
[INFO] 
[INFO] --- jacoco-maven-plugin:0.8.2:report (default-cli) @ jx-demo ---
[INFO] Loading execution data file /tmp/jenkinsTests.tmp/jenkins1161746806526590895test/workspace/job/target/jacoco.exec
[INFO] Analyzed bundle 'demo' with 1 classes
[INFO] ------------------------------------------------------------------------
[INFO] BUILD SUCCESS
[INFO] ------------------------------------------------------------------------
[INFO] Total time: 16.576 s
[INFO] Finished at: 2018-12-17T21:03:39Z
[INFO] ------------------------------------------------------------------------
Running Extension jx.jacocoMavenPublish
Publishing https://cb-kubecd.github.io/jx-demo/jenkins-x/jacoco/cb-kubecd/jx-demo/PR-18/5/jacoco.xml
[Pipeline] }
[Pipeline] // stage
[Pipeline] }
[Pipeline] // withEnv
[Pipeline] }
[Pipeline] // withCredentials
[Pipeline] }
[Pipeline] // node
[Pipeline] End of Pipeline
ERROR: script returned exit code 1
Finished: FAILURE
